<?xml version="1.0" encoding="UTF-8"?>
<testng-results skipped="0" failed="0" ignored="0" total="1" passed="1">
  <reporter-output>
  </reporter-output>
  <suite name="Default suite" duration-ms="169" started-at="2017-01-10T10:05:34Z" finished-at="2017-01-10T10:05:34Z">
    <groups>
    </groups>
    <test name="Default test" duration-ms="169" started-at="2017-01-10T10:05:34Z" finished-at="2017-01-10T10:05:34Z">
      <class name="base_Class.NewTest">
        <test-method status="PASS" signature="f()[pri:0, instance:base_Class.NewTest@f67b76]" name="f" duration-ms="46" started-at="2017-01-10T15:35:34Z" finished-at="2017-01-10T15:35:34Z">
          <reporter-output>
          </reporter-output>
        </test-method> <!-- f -->
      </class> <!-- base_Class.NewTest -->
    </test> <!-- Default test -->
  </suite> <!-- Default suite -->
</testng-results>
